2013-06-06 11:14:16,224 WARN  parse.SemanticAnalyzer (SemanticAnalyzer.java:genBodyPlan(5872)) - Common Gby keys:null
2013-06-06 11:14:16,276 WARN  parse.SemanticAnalyzer (SemanticAnalyzer.java:genBodyPlan(5872)) - Common Gby keys:null
2013-06-06 11:14:16,293 ERROR ql.Driver (SessionState.java:printError(461)) - FAILED: Error in semantic analysis: Line 1:553 Invalid table alias or column reference 'globalhao123click_position': (possible column names are: event_action, event_product, event_time, event_hour, event_minute, event_ip, event_ipinlong, event_country, event_city, event_province, event_baiduid, event_userid, event_cookie, event_referer, event_useragent, event_url, event_urlpath, event_urlparams, event_query, event_httpstatus, event_others, event_isspider, event_spiderdetail, event_isinternalip, event_isremoraabnor, event_isubsspamday, event_isubsspamhour, event_isbroken, event_invaliddetail, globalhao123_httpmethod, globalhao123_httpversion, globalhao123_tn, globalhao123_level, globalhao123_page, globalhao123_flashid, globalhao123_bdtime, globalhao123_ftime, globalhao123_bddate, globalhao123_fdate, globalhao123_bdhour, globalhao123_fhour, globalhao123_bdminute, globalhao123_fminute, event_day, globalhao123_host, globalhao123_type)
org.apache.hadoop.hive.ql.parse.SemanticException: Line 1:553 Invalid table alias or column reference 'globalhao123click_position': (possible column names are: event_action, event_product, event_time, event_hour, event_minute, event_ip, event_ipinlong, event_country, event_city, event_province, event_baiduid, event_userid, event_cookie, event_referer, event_useragent, event_url, event_urlpath, event_urlparams, event_query, event_httpstatus, event_others, event_isspider, event_spiderdetail, event_isinternalip, event_isremoraabnor, event_isubsspamday, event_isubsspamhour, event_isbroken, event_invaliddetail, globalhao123_httpmethod, globalhao123_httpversion, globalhao123_tn, globalhao123_level, globalhao123_page, globalhao123_flashid, globalhao123_bdtime, globalhao123_ftime, globalhao123_bddate, globalhao123_fdate, globalhao123_bdhour, globalhao123_fhour, globalhao123_bdminute, globalhao123_fminute, event_day, globalhao123_host, globalhao123_type)
	at org.apache.hadoop.hive.ql.parse.SemanticAnalyzer.genExprNodeDesc(SemanticAnalyzer.java:7371)
	at org.apache.hadoop.hive.ql.parse.SemanticAnalyzer.genExprNodeDesc(SemanticAnalyzer.java:7325)
	at org.apache.hadoop.hive.ql.parse.SemanticAnalyzer.genGroupByPlanMapGroupByOperator(SemanticAnalyzer.java:2785)
	at org.apache.hadoop.hive.ql.parse.SemanticAnalyzer.genGroupByPlanMapAggr1MR(SemanticAnalyzer.java:3431)
	at org.apache.hadoop.hive.ql.parse.SemanticAnalyzer.genBodyPlan(SemanticAnalyzer.java:5953)
	at org.apache.hadoop.hive.ql.parse.SemanticAnalyzer.genPlan(SemanticAnalyzer.java:6575)
	at org.apache.hadoop.hive.ql.parse.SemanticAnalyzer.genPlan(SemanticAnalyzer.java:6515)
	at org.apache.hadoop.hive.ql.parse.SemanticAnalyzer.genPlan(SemanticAnalyzer.java:6536)
	at org.apache.hadoop.hive.ql.parse.SemanticAnalyzer.analyzeInternal(SemanticAnalyzer.java:7143)
	at org.apache.hadoop.hive.ql.parse.BaseSemanticAnalyzer.analyze(BaseSemanticAnalyzer.java:263)
	at org.apache.hadoop.hive.ql.Driver.compile(Driver.java:434)
	at org.apache.hadoop.hive.ql.Driver.compile(Driver.java:341)
	at org.apache.hadoop.hive.ql.Driver.run(Driver.java:959)
	at org.apache.hadoop.hive.cli.CliDriver.processLocalCmd(CliDriver.java:288)
	at org.apache.hadoop.hive.cli.CliDriver.processCmd(CliDriver.java:219)
	at org.apache.hadoop.hive.cli.CliDriver.processLine(CliDriver.java:438)
	at org.apache.hadoop.hive.cli.CliDriver.run(CliDriver.java:715)
	at org.apache.hadoop.hive.cli.CliDriver.main(CliDriver.java:594)
	at sun.reflect.NativeMethodAccessorImpl.invoke0(Native Method)
	at sun.reflect.NativeMethodAccessorImpl.invoke(NativeMethodAccessorImpl.java:39)
	at sun.reflect.DelegatingMethodAccessorImpl.invoke(DelegatingMethodAccessorImpl.java:25)
	at java.lang.reflect.Method.invoke(Method.java:597)
	at org.apache.hadoop.mapred.util.RunJar.main(RunJar.java:210)
	at org.apache.hadoop.mapred.JobShell.run(JobShell.java:54)
	at org.apache.hadoop.util.ToolRunner.run(ToolRunner.java:65)
	at org.apache.hadoop.util.ToolRunner.run(ToolRunner.java:79)
	at org.apache.hadoop.mapred.JobShell.main(JobShell.java:68)

2013-06-06 11:14:53,287 WARN  parse.SemanticAnalyzer (SemanticAnalyzer.java:genBodyPlan(5872)) - Common Gby keys:null
2013-06-06 11:14:53,297 WARN  parse.SemanticAnalyzer (SemanticAnalyzer.java:genBodyPlan(5872)) - Common Gby keys:null
2013-06-06 11:14:53,308 ERROR ql.Driver (SessionState.java:printError(461)) - FAILED: Error in semantic analysis: Line 1:553 Invalid table alias or column reference 'globalhao123click_position': (possible column names are: event_action, event_product, event_time, event_hour, event_minute, event_ip, event_ipinlong, event_country, event_city, event_province, event_baiduid, event_userid, event_cookie, event_referer, event_useragent, event_url, event_urlpath, event_urlparams, event_query, event_httpstatus, event_others, event_isspider, event_spiderdetail, event_isinternalip, event_isremoraabnor, event_isubsspamday, event_isubsspamhour, event_isbroken, event_invaliddetail, globalhao123_httpmethod, globalhao123_httpversion, globalhao123_tn, globalhao123_level, globalhao123_page, globalhao123_flashid, globalhao123_bdtime, globalhao123_ftime, globalhao123_bddate, globalhao123_fdate, globalhao123_bdhour, globalhao123_fhour, globalhao123_bdminute, globalhao123_fminute, event_day, globalhao123_host, globalhao123_type)
org.apache.hadoop.hive.ql.parse.SemanticException: Line 1:553 Invalid table alias or column reference 'globalhao123click_position': (possible column names are: event_action, event_product, event_time, event_hour, event_minute, event_ip, event_ipinlong, event_country, event_city, event_province, event_baiduid, event_userid, event_cookie, event_referer, event_useragent, event_url, event_urlpath, event_urlparams, event_query, event_httpstatus, event_others, event_isspider, event_spiderdetail, event_isinternalip, event_isremoraabnor, event_isubsspamday, event_isubsspamhour, event_isbroken, event_invaliddetail, globalhao123_httpmethod, globalhao123_httpversion, globalhao123_tn, globalhao123_level, globalhao123_page, globalhao123_flashid, globalhao123_bdtime, globalhao123_ftime, globalhao123_bddate, globalhao123_fdate, globalhao123_bdhour, globalhao123_fhour, globalhao123_bdminute, globalhao123_fminute, event_day, globalhao123_host, globalhao123_type)
	at org.apache.hadoop.hive.ql.parse.SemanticAnalyzer.genExprNodeDesc(SemanticAnalyzer.java:7371)
	at org.apache.hadoop.hive.ql.parse.SemanticAnalyzer.genExprNodeDesc(SemanticAnalyzer.java:7325)
	at org.apache.hadoop.hive.ql.parse.SemanticAnalyzer.genGroupByPlanMapGroupByOperator(SemanticAnalyzer.java:2785)
	at org.apache.hadoop.hive.ql.parse.SemanticAnalyzer.genGroupByPlanMapAggr1MR(SemanticAnalyzer.java:3431)
	at org.apache.hadoop.hive.ql.parse.SemanticAnalyzer.genBodyPlan(SemanticAnalyzer.java:5953)
	at org.apache.hadoop.hive.ql.parse.SemanticAnalyzer.genPlan(SemanticAnalyzer.java:6575)
	at org.apache.hadoop.hive.ql.parse.SemanticAnalyzer.genPlan(SemanticAnalyzer.java:6515)
	at org.apache.hadoop.hive.ql.parse.SemanticAnalyzer.genPlan(SemanticAnalyzer.java:6536)
	at org.apache.hadoop.hive.ql.parse.SemanticAnalyzer.analyzeInternal(SemanticAnalyzer.java:7143)
	at org.apache.hadoop.hive.ql.parse.BaseSemanticAnalyzer.analyze(BaseSemanticAnalyzer.java:263)
	at org.apache.hadoop.hive.ql.Driver.compile(Driver.java:434)
	at org.apache.hadoop.hive.ql.Driver.compile(Driver.java:341)
	at org.apache.hadoop.hive.ql.Driver.run(Driver.java:959)
	at org.apache.hadoop.hive.cli.CliDriver.processLocalCmd(CliDriver.java:288)
	at org.apache.hadoop.hive.cli.CliDriver.processCmd(CliDriver.java:219)
	at org.apache.hadoop.hive.cli.CliDriver.processLine(CliDriver.java:438)
	at org.apache.hadoop.hive.cli.CliDriver.run(CliDriver.java:715)
	at org.apache.hadoop.hive.cli.CliDriver.main(CliDriver.java:594)
	at sun.reflect.NativeMethodAccessorImpl.invoke0(Native Method)
	at sun.reflect.NativeMethodAccessorImpl.invoke(NativeMethodAccessorImpl.java:39)
	at sun.reflect.DelegatingMethodAccessorImpl.invoke(DelegatingMethodAccessorImpl.java:25)
	at java.lang.reflect.Method.invoke(Method.java:597)
	at org.apache.hadoop.mapred.util.RunJar.main(RunJar.java:210)
	at org.apache.hadoop.mapred.JobShell.run(JobShell.java:54)
	at org.apache.hadoop.util.ToolRunner.run(ToolRunner.java:65)
	at org.apache.hadoop.util.ToolRunner.run(ToolRunner.java:79)
	at org.apache.hadoop.mapred.JobShell.main(JobShell.java:68)

2013-06-06 11:15:11,920 WARN  parse.SemanticAnalyzer (SemanticAnalyzer.java:genBodyPlan(5872)) - Common Gby keys:null
2013-06-06 11:15:11,930 WARN  parse.SemanticAnalyzer (SemanticAnalyzer.java:genBodyPlan(5872)) - Common Gby keys:null
2013-06-06 11:15:11,940 ERROR ql.Driver (SessionState.java:printError(461)) - FAILED: Error in semantic analysis: Line 1:553 Invalid table alias or column reference 'globalhao123click_position': (possible column names are: event_action, event_product, event_time, event_hour, event_minute, event_ip, event_ipinlong, event_country, event_city, event_province, event_baiduid, event_userid, event_cookie, event_referer, event_useragent, event_url, event_urlpath, event_urlparams, event_query, event_httpstatus, event_others, event_isspider, event_spiderdetail, event_isinternalip, event_isremoraabnor, event_isubsspamday, event_isubsspamhour, event_isbroken, event_invaliddetail, globalhao123_httpmethod, globalhao123_httpversion, globalhao123_tn, globalhao123_level, globalhao123_page, globalhao123_flashid, globalhao123_bdtime, globalhao123_ftime, globalhao123_bddate, globalhao123_fdate, globalhao123_bdhour, globalhao123_fhour, globalhao123_bdminute, globalhao123_fminute, event_day, globalhao123_host, globalhao123_type)
org.apache.hadoop.hive.ql.parse.SemanticException: Line 1:553 Invalid table alias or column reference 'globalhao123click_position': (possible column names are: event_action, event_product, event_time, event_hour, event_minute, event_ip, event_ipinlong, event_country, event_city, event_province, event_baiduid, event_userid, event_cookie, event_referer, event_useragent, event_url, event_urlpath, event_urlparams, event_query, event_httpstatus, event_others, event_isspider, event_spiderdetail, event_isinternalip, event_isremoraabnor, event_isubsspamday, event_isubsspamhour, event_isbroken, event_invaliddetail, globalhao123_httpmethod, globalhao123_httpversion, globalhao123_tn, globalhao123_level, globalhao123_page, globalhao123_flashid, globalhao123_bdtime, globalhao123_ftime, globalhao123_bddate, globalhao123_fdate, globalhao123_bdhour, globalhao123_fhour, globalhao123_bdminute, globalhao123_fminute, event_day, globalhao123_host, globalhao123_type)
	at org.apache.hadoop.hive.ql.parse.SemanticAnalyzer.genExprNodeDesc(SemanticAnalyzer.java:7371)
	at org.apache.hadoop.hive.ql.parse.SemanticAnalyzer.genExprNodeDesc(SemanticAnalyzer.java:7325)
	at org.apache.hadoop.hive.ql.parse.SemanticAnalyzer.genGroupByPlanMapGroupByOperator(SemanticAnalyzer.java:2785)
	at org.apache.hadoop.hive.ql.parse.SemanticAnalyzer.genGroupByPlanMapAggr1MR(SemanticAnalyzer.java:3431)
	at org.apache.hadoop.hive.ql.parse.SemanticAnalyzer.genBodyPlan(SemanticAnalyzer.java:5953)
	at org.apache.hadoop.hive.ql.parse.SemanticAnalyzer.genPlan(SemanticAnalyzer.java:6575)
	at org.apache.hadoop.hive.ql.parse.SemanticAnalyzer.genPlan(SemanticAnalyzer.java:6515)
	at org.apache.hadoop.hive.ql.parse.SemanticAnalyzer.genPlan(SemanticAnalyzer.java:6536)
	at org.apache.hadoop.hive.ql.parse.SemanticAnalyzer.analyzeInternal(SemanticAnalyzer.java:7143)
	at org.apache.hadoop.hive.ql.parse.BaseSemanticAnalyzer.analyze(BaseSemanticAnalyzer.java:263)
	at org.apache.hadoop.hive.ql.Driver.compile(Driver.java:434)
	at org.apache.hadoop.hive.ql.Driver.compile(Driver.java:341)
	at org.apache.hadoop.hive.ql.Driver.run(Driver.java:959)
	at org.apache.hadoop.hive.cli.CliDriver.processLocalCmd(CliDriver.java:288)
	at org.apache.hadoop.hive.cli.CliDriver.processCmd(CliDriver.java:219)
	at org.apache.hadoop.hive.cli.CliDriver.processLine(CliDriver.java:438)
	at org.apache.hadoop.hive.cli.CliDriver.run(CliDriver.java:715)
	at org.apache.hadoop.hive.cli.CliDriver.main(CliDriver.java:594)
	at sun.reflect.NativeMethodAccessorImpl.invoke0(Native Method)
	at sun.reflect.NativeMethodAccessorImpl.invoke(NativeMethodAccessorImpl.java:39)
	at sun.reflect.DelegatingMethodAccessorImpl.invoke(DelegatingMethodAccessorImpl.java:25)
	at java.lang.reflect.Method.invoke(Method.java:597)
	at org.apache.hadoop.mapred.util.RunJar.main(RunJar.java:210)
	at org.apache.hadoop.mapred.JobShell.run(JobShell.java:54)
	at org.apache.hadoop.util.ToolRunner.run(ToolRunner.java:65)
	at org.apache.hadoop.util.ToolRunner.run(ToolRunner.java:79)
	at org.apache.hadoop.mapred.JobShell.main(JobShell.java:68)

